<?xml version="1.0" encoding="UTF-8"?>
<testsuite name="ComputerRepairRequestTest" tests="2" skipped="0" failures="0" errors="0" timestamp="2025-03-03T22:17:20" hostname="CLAUDIU" time="0.029">
  <properties/>
  <testcase name="Test 1" classname="ComputerRepairRequestTest" time="0.024"/>
  <testcase name="Test 2" classname="ComputerRepairRequestTest" time="0.001"/>
  <system-out><![CDATA[]]></system-out>
  <system-err><![CDATA[]]></system-err>
</testsuite>
